<?xml version="1.0" encoding="UTF-8"?>
<testsuite xmlns:xsi="http://www.w3.org/2001/XMLSchema-instance" xsi:noNamespaceSchemaLocation="https://maven.apache.org/surefire/maven-surefire-plugin/xsd/surefire-test-report.xsd" name="com.wipro.AppTest" time="0.087" tests="1" errors="0" skipped="0" failures="0">
  <properties>
    <property name="java.specification.version" value="17"/>
    <property name="sun.cpu.isalist" value="amd64"/>
    <property name="sun.jnu.encoding" value="Cp1252"/>
    <property name="java.class.path" value="C:\Users\labuser\Desktop\Maven-project-fromCmdLine-16thApril\target\test-classes;C:\Users\labuser\Desktop\Maven-project-fromCmdLine-16thApril\target\classes;C:\Users\labuser\.m2\repository\junit\junit\4.11\junit-4.11.jar;C:\Users\labuser\.m2\repository\org\hamcrest\hamcrest-core\1.3\hamcrest-core-1.3.jar;C:\Users\labuser\.m2\repository\org\apache\commons\commons-lang3\3.14.0\commons-lang3-3.14.0.jar;C:\Users\labuser\.m2\repository\org\apache\maven\maven-core\4.0.0-alpha-13\maven-core-4.0.0-alpha-13.jar;C:\Users\labuser\.m2\repository\org\apache\maven\maven-di\4.0.0-alpha-13\maven-di-4.0.0-alpha-13.jar;C:\Users\labuser\.m2\repository\org\apache\maven\maven-api-di\4.0.0-alpha-13\maven-api-di-4.0.0-alpha-13.jar;C:\Users\labuser\.m2\repository\org\apache\maven\maven-xml-impl\4.0.0-alpha-13\maven-xml-impl-4.0.0-alpha-13.jar;C:\Users\labuser\.m2\repository\org\apache\maven\maven-api-xml\4.0.0-alpha-13\maven-api-xml-4.0.0-alpha-13.jar;C:\Users\labuser\.m2\repository\com\fasterxml\woodstox\woodstox-core\6.5.1\woodstox-core-6.5.1.jar;C:\Users\labuser\.m2\repository\org\codehaus\woodstox\stax2-api\4.2.1\stax2-api-4.2.1.jar;C:\Users\labuser\.m2\repository\org\codehaus\plexus\plexus-xml\4.0.1\plexus-xml-4.0.1.jar;C:\Users\labuser\.m2\repository\org\apache\maven\maven-model\4.0.0-alpha-13\maven-model-4.0.0-alpha-13.jar;C:\Users\labuser\.m2\repository\org\apache\maven\maven-api-model\4.0.0-alpha-13\maven-api-model-4.0.0-alpha-13.jar;C:\Users\labuser\.m2\repository\org\apache\maven\maven-settings\4.0.0-alpha-13\maven-settings-4.0.0-alpha-13.jar;C:\Users\labuser\.m2\repository\org\apache\maven\maven-api-settings\4.0.0-alpha-13\maven-api-settings-4.0.0-alpha-13.jar;C:\Users\labuser\.m2\repository\org\apache\maven\maven-settings-builder\4.0.0-alpha-13\maven-settings-builder-4.0.0-alpha-13.jar;C:\Users\labuser\.m2\repository\org\apache\maven\maven-builder-support\4.0.0-alpha-13\maven-builder-support-4.0.0-alpha-13.jar;C:\Users\labuser\.m2\repository\org\codehaus\plexus\plexus-sec-dispatcher\2.0\plexus-sec-dispatcher-2.0.jar;C:\Users\labuser\.m2\repository\org\codehaus\plexus\plexus-utils\3.4.1\plexus-utils-3.4.1.jar;C:\Users\labuser\.m2\repository\javax\inject\javax.inject\1\javax.inject-1.jar;C:\Users\labuser\.m2\repository\org\codehaus\plexus\plexus-cipher\2.0\plexus-cipher-2.0.jar;C:\Users\labuser\.m2\repository\org\codehaus\plexus\plexus-interpolation\1.26\plexus-interpolation-1.26.jar;C:\Users\labuser\.m2\repository\org\apache\maven\maven-toolchain-model\4.0.0-alpha-13\maven-toolchain-model-4.0.0-alpha-13.jar;C:\Users\labuser\.m2\repository\org\apache\maven\maven-api-toolchain\4.0.0-alpha-13\maven-api-toolchain-4.0.0-alpha-13.jar;C:\Users\labuser\.m2\repository\org\apache\maven\maven-toolchain-builder\4.0.0-alpha-13\maven-toolchain-builder-4.0.0-alpha-13.jar;C:\Users\labuser\.m2\repository\org\apache\maven\maven-repository-metadata\4.0.0-alpha-13\maven-repository-metadata-4.0.0-alpha-13.jar;C:\Users\labuser\.m2\repository\org\apache\maven\maven-artifact\4.0.0-alpha-13\maven-artifact-4.0.0-alpha-13.jar;C:\Users\labuser\.m2\repository\org\apache\maven\maven-plugin-api\4.0.0-alpha-13\maven-plugin-api-4.0.0-alpha-13.jar;C:\Users\labuser\.m2\repository\org\apache\maven\maven-api-plugin\4.0.0-alpha-13\maven-api-plugin-4.0.0-alpha-13.jar;C:\Users\labuser\.m2\repository\org\eclipse\sisu\org.eclipse.sisu.plexus\0.9.0.M2\org.eclipse.sisu.plexus-0.9.0.M2.jar;C:\Users\labuser\.m2\repository\org\apache\maven\maven-model-builder\4.0.0-alpha-13\maven-model-builder-4.0.0-alpha-13.jar;C:\Users\labuser\.m2\repository\org\apache\maven\maven-resolver-provider\4.0.0-alpha-13\maven-resolver-provider-4.0.0-alpha-13.jar;C:\Users\labuser\.m2\repository\org\apache\maven\maven-api-core\4.0.0-alpha-13\maven-api-core-4.0.0-alpha-13.jar;C:\Users\labuser\.m2\repository\org\apache\maven\maven-api-meta\4.0.0-alpha-13\maven-api-meta-4.0.0-alpha-13.jar;C:\Users\labuser\.m2\repository\org\apache\maven\maven-api-spi\4.0.0-alpha-13\maven-api-spi-4.0.0-alpha-13.jar;C:\Users\labuser\.m2\repository\org\apache\maven\resolver\maven-resolver-api\2.0.0-alpha-8\maven-resolver-api-2.0.0-alpha-8.jar;C:\Users\labuser\.m2\repository\org\apache\maven\resolver\maven-resolver-spi\2.0.0-alpha-8\maven-resolver-spi-2.0.0-alpha-8.jar;C:\Users\labuser\.m2\repository\org\apache\maven\resolver\maven-resolver-util\2.0.0-alpha-8\maven-resolver-util-2.0.0-alpha-8.jar;C:\Users\labuser\.m2\repository\org\apache\maven\resolver\maven-resolver-impl\2.0.0-alpha-8\maven-resolver-impl-2.0.0-alpha-8.jar;C:\Users\labuser\.m2\repository\org\apache\maven\resolver\maven-resolver-named-locks\2.0.0-alpha-8\maven-resolver-named-locks-2.0.0-alpha-8.jar;C:\Users\labuser\.m2\repository\org\codehaus\plexus\plexus-classworlds\2.6.0\plexus-classworlds-2.6.0.jar;C:\Users\labuser\.m2\repository\org\slf4j\slf4j-api\2.0.11\slf4j-api-2.0.11.jar;"/>
    <property name="java.vm.vendor" value="Eclipse Adoptium"/>
    <property name="sun.arch.data.model" value="64"/>
    <property name="user.variant" value=""/>
    <property name="java.vendor.url" value="https://adoptium.net/"/>
    <property name="user.timezone" value="Atlantic/Reykjavik"/>
    <property name="os.name" value="Windows Server 2022"/>
    <property name="java.vm.specification.version" value="17"/>
    <property name="sun.java.launcher" value="SUN_STANDARD"/>
    <property name="user.country" value="US"/>
    <property name="sun.boot.library.path" value="C:\Users\labuser\.p2\pool\plugins\org.eclipse.justj.openjdk.hotspot.jre.full.win32.x86_64_17.0.10.v20240120-1143\jre\bin"/>
    <property name="sun.java.command" value="C:\Users\labuser\AppData\Local\Temp\3\surefire3964933477192734420\surefirebooter18179956562905530572.jar C:\Users\labuser\AppData\Local\Temp\3\surefire3964933477192734420 2024-04-20T05-40-11_830-jvmRun1 surefire9445501983862328646tmp surefire_013074937519384207740tmp"/>
    <property name="jdk.debug" value="release"/>
    <property name="surefire.test.class.path" value="C:\Users\labuser\Desktop\Maven-project-fromCmdLine-16thApril\target\test-classes;C:\Users\labuser\Desktop\Maven-project-fromCmdLine-16thApril\target\classes;C:\Users\labuser\.m2\repository\junit\junit\4.11\junit-4.11.jar;C:\Users\labuser\.m2\repository\org\hamcrest\hamcrest-core\1.3\hamcrest-core-1.3.jar;C:\Users\labuser\.m2\repository\org\apache\commons\commons-lang3\3.14.0\commons-lang3-3.14.0.jar;C:\Users\labuser\.m2\repository\org\apache\maven\maven-core\4.0.0-alpha-13\maven-core-4.0.0-alpha-13.jar;C:\Users\labuser\.m2\repository\org\apache\maven\maven-di\4.0.0-alpha-13\maven-di-4.0.0-alpha-13.jar;C:\Users\labuser\.m2\repository\org\apache\maven\maven-api-di\4.0.0-alpha-13\maven-api-di-4.0.0-alpha-13.jar;C:\Users\labuser\.m2\repository\org\apache\maven\maven-xml-impl\4.0.0-alpha-13\maven-xml-impl-4.0.0-alpha-13.jar;C:\Users\labuser\.m2\repository\org\apache\maven\maven-api-xml\4.0.0-alpha-13\maven-api-xml-4.0.0-alpha-13.jar;C:\Users\labuser\.m2\repository\com\fasterxml\woodstox\woodstox-core\6.5.1\woodstox-core-6.5.1.jar;C:\Users\labuser\.m2\repository\org\codehaus\woodstox\stax2-api\4.2.1\stax2-api-4.2.1.jar;C:\Users\labuser\.m2\repository\org\codehaus\plexus\plexus-xml\4.0.1\plexus-xml-4.0.1.jar;C:\Users\labuser\.m2\repository\org\apache\maven\maven-model\4.0.0-alpha-13\maven-model-4.0.0-alpha-13.jar;C:\Users\labuser\.m2\repository\org\apache\maven\maven-api-model\4.0.0-alpha-13\maven-api-model-4.0.0-alpha-13.jar;C:\Users\labuser\.m2\repository\org\apache\maven\maven-settings\4.0.0-alpha-13\maven-settings-4.0.0-alpha-13.jar;C:\Users\labuser\.m2\repository\org\apache\maven\maven-api-settings\4.0.0-alpha-13\maven-api-settings-4.0.0-alpha-13.jar;C:\Users\labuser\.m2\repository\org\apache\maven\maven-settings-builder\4.0.0-alpha-13\maven-settings-builder-4.0.0-alpha-13.jar;C:\Users\labuser\.m2\repository\org\apache\maven\maven-builder-support\4.0.0-alpha-13\maven-builder-support-4.0.0-alpha-13.jar;C:\Users\labuser\.m2\repository\org\codehaus\plexus\plexus-sec-dispatcher\2.0\plexus-sec-dispatcher-2.0.jar;C:\Users\labuser\.m2\repository\org\codehaus\plexus\plexus-utils\3.4.1\plexus-utils-3.4.1.jar;C:\Users\labuser\.m2\repository\javax\inject\javax.inject\1\javax.inject-1.jar;C:\Users\labuser\.m2\repository\org\codehaus\plexus\plexus-cipher\2.0\plexus-cipher-2.0.jar;C:\Users\labuser\.m2\repository\org\codehaus\plexus\plexus-interpolation\1.26\plexus-interpolation-1.26.jar;C:\Users\labuser\.m2\repository\org\apache\maven\maven-toolchain-model\4.0.0-alpha-13\maven-toolchain-model-4.0.0-alpha-13.jar;C:\Users\labuser\.m2\repository\org\apache\maven\maven-api-toolchain\4.0.0-alpha-13\maven-api-toolchain-4.0.0-alpha-13.jar;C:\Users\labuser\.m2\repository\org\apache\maven\maven-toolchain-builder\4.0.0-alpha-13\maven-toolchain-builder-4.0.0-alpha-13.jar;C:\Users\labuser\.m2\repository\org\apache\maven\maven-repository-metadata\4.0.0-alpha-13\maven-repository-metadata-4.0.0-alpha-13.jar;C:\Users\labuser\.m2\repository\org\apache\maven\maven-artifact\4.0.0-alpha-13\maven-artifact-4.0.0-alpha-13.jar;C:\Users\labuser\.m2\repository\org\apache\maven\maven-plugin-api\4.0.0-alpha-13\maven-plugin-api-4.0.0-alpha-13.jar;C:\Users\labuser\.m2\repository\org\apache\maven\maven-api-plugin\4.0.0-alpha-13\maven-api-plugin-4.0.0-alpha-13.jar;C:\Users\labuser\.m2\repository\org\eclipse\sisu\org.eclipse.sisu.plexus\0.9.0.M2\org.eclipse.sisu.plexus-0.9.0.M2.jar;C:\Users\labuser\.m2\repository\org\apache\maven\maven-model-builder\4.0.0-alpha-13\maven-model-builder-4.0.0-alpha-13.jar;C:\Users\labuser\.m2\repository\org\apache\maven\maven-resolver-provider\4.0.0-alpha-13\maven-resolver-provider-4.0.0-alpha-13.jar;C:\Users\labuser\.m2\repository\org\apache\maven\maven-api-core\4.0.0-alpha-13\maven-api-core-4.0.0-alpha-13.jar;C:\Users\labuser\.m2\repository\org\apache\maven\maven-api-meta\4.0.0-alpha-13\maven-api-meta-4.0.0-alpha-13.jar;C:\Users\labuser\.m2\repository\org\apache\maven\maven-api-spi\4.0.0-alpha-13\maven-api-spi-4.0.0-alpha-13.jar;C:\Users\labuser\.m2\repository\org\apache\maven\resolver\maven-resolver-api\2.0.0-alpha-8\maven-resolver-api-2.0.0-alpha-8.jar;C:\Users\labuser\.m2\repository\org\apache\maven\resolver\maven-resolver-spi\2.0.0-alpha-8\maven-resolver-spi-2.0.0-alpha-8.jar;C:\Users\labuser\.m2\repository\org\apache\maven\resolver\maven-resolver-util\2.0.0-alpha-8\maven-resolver-util-2.0.0-alpha-8.jar;C:\Users\labuser\.m2\repository\org\apache\maven\resolver\maven-resolver-impl\2.0.0-alpha-8\maven-resolver-impl-2.0.0-alpha-8.jar;C:\Users\labuser\.m2\repository\org\apache\maven\resolver\maven-resolver-named-locks\2.0.0-alpha-8\maven-resolver-named-locks-2.0.0-alpha-8.jar;C:\Users\labuser\.m2\repository\org\codehaus\plexus\plexus-classworlds\2.6.0\plexus-classworlds-2.6.0.jar;C:\Users\labuser\.m2\repository\org\slf4j\slf4j-api\2.0.11\slf4j-api-2.0.11.jar;"/>
    <property name="sun.cpu.endian" value="little"/>
    <property name="user.home" value="C:\Users\labuser"/>
    <property name="user.language" value="en"/>
    <property name="java.specification.vendor" value="Oracle Corporation"/>
    <property name="java.version.date" value="2024-01-16"/>
    <property name="java.home" value="C:\Users\labuser\.p2\pool\plugins\org.eclipse.justj.openjdk.hotspot.jre.full.win32.x86_64_17.0.10.v20240120-1143\jre"/>
    <property name="file.separator" value="\"/>
    <property name="style.color" value="always"/>
    <property name="basedir" value="C:\Users\labuser\Desktop\Maven-project-fromCmdLine-16thApril"/>
    <property name="java.vm.compressedOopsMode" value="Zero based"/>
    <property name="line.separator" value="&#10;"/>
    <property name="java.vm.specification.vendor" value="Oracle Corporation"/>
    <property name="java.specification.name" value="Java Platform API Specification"/>
    <property name="surefire.real.class.path" value="C:\Users\labuser\AppData\Local\Temp\3\surefire3964933477192734420\surefirebooter18179956562905530572.jar"/>
    <property name="user.script" value=""/>
    <property name="sun.management.compiler" value="HotSpot 64-Bit Tiered Compilers"/>
    <property name="java.runtime.version" value="17.0.10+7"/>
    <property name="user.name" value="labuser"/>
    <property name="path.separator" value=";"/>
    <property name="os.version" value="10.0"/>
    <property name="java.runtime.name" value="OpenJDK Runtime Environment"/>
    <property name="file.encoding" value="Cp1252"/>
    <property name="java.vm.name" value="OpenJDK 64-Bit Server VM"/>
    <property name="java.vendor.version" value="Temurin-17.0.10+7"/>
    <property name="localRepository" value="C:\Users\labuser\.m2\repository"/>
    <property name="java.vendor.url.bug" value="https://github.com/adoptium/adoptium-support/issues"/>
    <property name="java.io.tmpdir" value="C:\Users\labuser\AppData\Local\Temp\3\"/>
    <property name="java.version" value="17.0.10"/>
    <property name="user.dir" value="C:\Users\labuser\Desktop\Maven-project-fromCmdLine-16thApril"/>
    <property name="os.arch" value="amd64"/>
    <property name="java.vm.specification.name" value="Java Virtual Machine Specification"/>
    <property name="sun.os.patch.level" value=""/>
    <property name="native.encoding" value="Cp1252"/>
    <property name="java.library.path" value="C:\Users\labuser\.p2\pool\plugins\org.eclipse.justj.openjdk.hotspot.jre.full.win32.x86_64_17.0.10.v20240120-1143\jre\bin;C:\Windows\Sun\Java\bin;C:\Windows\system32;C:\Windows;C:/Users/labuser/.p2/pool/plugins/org.eclipse.justj.openjdk.hotspot.jre.full.win32.x86_64_17.0.10.v20240120-1143/jre/bin/server;C:/Users/labuser/.p2/pool/plugins/org.eclipse.justj.openjdk.hotspot.jre.full.win32.x86_64_17.0.10.v20240120-1143/jre/bin;C:\Program Files\Common Files\Oracle\Java\javapath;C:\Program Files (x86)\Common Files\Oracle\Java\javapath;C:\Windows\system32;C:\Windows;C:\Windows\System32\Wbem;C:\Windows\System32\WindowsPowerShell\v1.0\;C:\Windows\System32\OpenSSH\;C:\ProgramData\GooGet;C:\Program Files\Google\Compute Engine\metadata_scripts;C:\Program Files (x86)\Google\Cloud SDK\google-cloud-sdk\bin;C:\Program Files\PowerShell\7\;C:\Program Files\Google\Compute Engine\sysprep;C:\Program Files\Java\jdk-17\bin;C:\Program Files\Git\cmd;C:\Program Files\apache-maven-3.9.6\bin;C:\Users\labuser\AppData\Local\Programs\Python\Python311\Scripts\;C:\Users\labuser\AppData\Local\Programs\Python\Python311\;C:\Users\labuser\AppData\Local\Microsoft\WindowsApps;;C:\Users\labuser\AppData\Local\Programs\Microsoft VS Code\bin;C:\Users\labuser\Desktop;;."/>
    <property name="java.vm.info" value="mixed mode"/>
    <property name="java.vendor" value="Eclipse Adoptium"/>
    <property name="java.vm.version" value="17.0.10+7"/>
    <property name="sun.io.unicode.encoding" value="UnicodeLittle"/>
    <property name="java.class.version" value="61.0"/>
  </properties>
  <testcase name="shouldAnswerWithTrue" classname="com.wipro.AppTest" time="0.002"/>
</testsuite>